!SESSION 2018-11-18 09:44:30.502 -----------------------------------------------
eclipse.buildId=unknown
java.version=1.8.0_191
java.vendor=Oracle Corporation
BootLoader constants: OS=win32, ARCH=x86_64, WS=win32, NL=pt_BR

!ENTRY org.eclipse.equinox.ds 4 0 2018-11-18 09:44:30.503
!MESSAGE Exception occurred while creating new instance of component Component[
	name = ProvideSelfDiagnosedEmergenciesSupport-impl
	activate = activate
	deactivate = deactivate
	modified = 
	configuration-policy = optional
	factory = null
	autoenable = true
	immediate = true
	implementation = provideSelfDiagnosedEmergenciesSupportImpl.ProvideSelfDiagnosedEmergenciesSupportImpl
	state = Unsatisfied
	properties = 
	serviceFactory = false
	serviceInterface = [provideSelfDiagnosedEmergenciesSupport.ProvideSelfDiagnosedEmergenciesSupport]
	references = {
		Reference[name = NotifyEmergencyMedicalServices, interface = notifyEmergencyMedicalServices.NotifyEmergencyMedicalServices, policy = static, cardinality = 1..1, target = null, bind = setNotifyEmergencyMedicalServices, unbind = null]
		Reference[name = PushButton, interface = pushButton.PushButton, policy = static, cardinality = 1..1, target = null, bind = setPushButton, unbind = null]
	}
	located in bundle = ProvideSelfDiagnosedEmergenciesSupport-impl_1.0.0 [21]
] 
!STACK 0
java.lang.ClassNotFoundException: provideSelfDiagnosedEmergenciesSupportImpl.ProvideSelfDiagnosedEmergenciesSupportImpl cannot be found by ProvideSelfDiagnosedEmergenciesSupport-impl_1.0.0
	at org.eclipse.osgi.internal.loader.BundleLoader.findClassInternal(BundleLoader.java:484)
	at org.eclipse.osgi.internal.loader.BundleLoader.findClass(BundleLoader.java:395)
	at org.eclipse.osgi.internal.loader.BundleLoader.findClass(BundleLoader.java:387)
	at org.eclipse.osgi.internal.loader.ModuleClassLoader.loadClass(ModuleClassLoader.java:150)
	at java.lang.ClassLoader.loadClass(Unknown Source)
	at org.eclipse.osgi.internal.framework.EquinoxBundle.loadClass(EquinoxBundle.java:564)
	at org.eclipse.equinox.internal.ds.model.ServiceComponent.createInstance(ServiceComponent.java:493)
	at org.eclipse.equinox.internal.ds.model.ServiceComponentProp.createInstance(ServiceComponentProp.java:270)
	at org.eclipse.equinox.internal.ds.model.ServiceComponentProp.build(ServiceComponentProp.java:331)
	at org.eclipse.equinox.internal.ds.InstanceProcess.buildComponent(InstanceProcess.java:620)
	at org.eclipse.equinox.internal.ds.InstanceProcess.buildComponents(InstanceProcess.java:197)
	at org.eclipse.equinox.internal.ds.Resolver.getEligible(Resolver.java:343)
	at org.eclipse.equinox.internal.ds.SCRManager.serviceChanged(SCRManager.java:222)
	at org.eclipse.osgi.internal.serviceregistry.FilteredServiceListener.serviceChanged(FilteredServiceListener.java:109)
	at org.eclipse.osgi.internal.framework.BundleContextImpl.dispatchEvent(BundleContextImpl.java:920)
	at org.eclipse.osgi.framework.eventmgr.EventManager.dispatchEvent(EventManager.java:230)
	at org.eclipse.osgi.framework.eventmgr.ListenerQueue.dispatchEventSynchronous(ListenerQueue.java:148)
	at org.eclipse.osgi.internal.serviceregistry.ServiceRegistry.publishServiceEventPrivileged(ServiceRegistry.java:862)
	at org.eclipse.osgi.internal.serviceregistry.ServiceRegistry.publishServiceEvent(ServiceRegistry.java:801)
	at org.eclipse.osgi.internal.serviceregistry.ServiceRegistrationImpl.register(ServiceRegistrationImpl.java:127)
	at org.eclipse.osgi.internal.serviceregistry.ServiceRegistry.registerService(ServiceRegistry.java:225)
	at org.eclipse.osgi.internal.framework.BundleContextImpl.registerService(BundleContextImpl.java:469)
	at org.eclipse.equinox.internal.ds.InstanceProcess.registerService(InstanceProcess.java:536)
	at org.eclipse.equinox.internal.ds.InstanceProcess.buildComponents(InstanceProcess.java:260)
	at org.eclipse.equinox.internal.ds.Resolver.buildNewlySatisfied(Resolver.java:473)
	at org.eclipse.equinox.internal.ds.Resolver.enableComponents(Resolver.java:217)
	at org.eclipse.equinox.internal.ds.SCRManager.performWork(SCRManager.java:816)
	at org.eclipse.equinox.internal.ds.SCRManager$QueuedJob.dispatch(SCRManager.java:783)
	at org.eclipse.equinox.internal.ds.WorkThread.run(WorkThread.java:89)
	at org.eclipse.equinox.internal.util.impl.tpt.threadpool.Executor.run(Executor.java:70)

!ENTRY org.eclipse.equinox.ds 4 0 2018-11-18 09:44:30.509
!MESSAGE Exception occurred while creating new instance of component Component[
	name = ProvideSelfDiagnosedEmergenciesSupport-impl
	activate = activate
	deactivate = deactivate
	modified = 
	configuration-policy = optional
	factory = null
	autoenable = true
	immediate = true
	implementation = provideSelfDiagnosedEmergenciesSupportImpl.ProvideSelfDiagnosedEmergenciesSupportImpl
	state = Unsatisfied
	properties = 
	serviceFactory = false
	serviceInterface = [provideSelfDiagnosedEmergenciesSupport.ProvideSelfDiagnosedEmergenciesSupport]
	references = {
		Reference[name = NotifyEmergencyMedicalServices, interface = notifyEmergencyMedicalServices.NotifyEmergencyMedicalServices, policy = static, cardinality = 1..1, target = null, bind = setNotifyEmergencyMedicalServices, unbind = null]
		Reference[name = PushButton, interface = pushButton.PushButton, policy = static, cardinality = 1..1, target = null, bind = setPushButton, unbind = null]
	}
	located in bundle = ProvideSelfDiagnosedEmergenciesSupport-impl_1.0.0 [21]
] 
!STACK 0
java.lang.ClassNotFoundException: provideSelfDiagnosedEmergenciesSupportImpl.ProvideSelfDiagnosedEmergenciesSupportImpl cannot be found by ProvideSelfDiagnosedEmergenciesSupport-impl_1.0.0
	at org.eclipse.osgi.internal.loader.BundleLoader.findClassInternal(BundleLoader.java:484)
	at org.eclipse.osgi.internal.loader.BundleLoader.findClass(BundleLoader.java:395)
	at org.eclipse.osgi.internal.loader.BundleLoader.findClass(BundleLoader.java:387)
	at org.eclipse.osgi.internal.loader.ModuleClassLoader.loadClass(ModuleClassLoader.java:150)
	at java.lang.ClassLoader.loadClass(Unknown Source)
	at org.eclipse.osgi.internal.framework.EquinoxBundle.loadClass(EquinoxBundle.java:564)
	at org.eclipse.equinox.internal.ds.model.ServiceComponent.createInstance(ServiceComponent.java:493)
	at org.eclipse.equinox.internal.ds.model.ServiceComponentProp.createInstance(ServiceComponentProp.java:270)
	at org.eclipse.equinox.internal.ds.model.ServiceComponentProp.build(ServiceComponentProp.java:331)
	at org.eclipse.equinox.internal.ds.InstanceProcess.buildComponent(InstanceProcess.java:620)
	at org.eclipse.equinox.internal.ds.InstanceProcess.buildComponents(InstanceProcess.java:197)
	at org.eclipse.equinox.internal.ds.Resolver.getEligible(Resolver.java:343)
	at org.eclipse.equinox.internal.ds.SCRManager.serviceChanged(SCRManager.java:222)
	at org.eclipse.osgi.internal.serviceregistry.FilteredServiceListener.serviceChanged(FilteredServiceListener.java:109)
	at org.eclipse.osgi.internal.framework.BundleContextImpl.dispatchEvent(BundleContextImpl.java:920)
	at org.eclipse.osgi.framework.eventmgr.EventManager.dispatchEvent(EventManager.java:230)
	at org.eclipse.osgi.framework.eventmgr.ListenerQueue.dispatchEventSynchronous(ListenerQueue.java:148)
	at org.eclipse.osgi.internal.serviceregistry.ServiceRegistry.publishServiceEventPrivileged(ServiceRegistry.java:862)
	at org.eclipse.osgi.internal.serviceregistry.ServiceRegistry.publishServiceEvent(ServiceRegistry.java:801)
	at org.eclipse.osgi.internal.serviceregistry.ServiceRegistrationImpl.register(ServiceRegistrationImpl.java:127)
	at org.eclipse.osgi.internal.serviceregistry.ServiceRegistry.registerService(ServiceRegistry.java:225)
	at org.eclipse.osgi.internal.framework.BundleContextImpl.registerService(BundleContextImpl.java:469)
	at org.eclipse.equinox.internal.ds.InstanceProcess.registerService(InstanceProcess.java:536)
	at org.eclipse.equinox.internal.ds.InstanceProcess.buildComponents(InstanceProcess.java:260)
	at org.eclipse.equinox.internal.ds.Resolver.buildNewlySatisfied(Resolver.java:473)
	at org.eclipse.equinox.internal.ds.Resolver.enableComponents(Resolver.java:217)
	at org.eclipse.equinox.internal.ds.SCRManager.performWork(SCRManager.java:816)
	at org.eclipse.equinox.internal.ds.SCRManager$QueuedJob.dispatch(SCRManager.java:783)
	at org.eclipse.equinox.internal.ds.WorkThread.run(WorkThread.java:89)
	at org.eclipse.equinox.internal.util.impl.tpt.threadpool.Executor.run(Executor.java:70)

!ENTRY org.eclipse.equinox.ds 4 0 2018-11-18 09:45:25.949
!MESSAGE Exception occurred while creating new instance of component Component[
	name = ProvideSelfDiagnosedEmergenciesSupport-impl
	activate = activate
	deactivate = deactivate
	modified = 
	configuration-policy = optional
	factory = null
	autoenable = true
	immediate = true
	implementation = provideSelfDiagnosedEmergenciesSupportImpl.ProvideSelfDiagnosedEmergenciesSupportImpl
	state = Unsatisfied
	properties = 
	serviceFactory = false
	serviceInterface = [provideSelfDiagnosedEmergenciesSupport.ProvideSelfDiagnosedEmergenciesSupport]
	references = {
		Reference[name = NotifyEmergencyMedicalServices, interface = notifyEmergencyMedicalServices.NotifyEmergencyMedicalServices, policy = static, cardinality = 1..1, target = null, bind = setNotifyEmergencyMedicalServices, unbind = null]
		Reference[name = PushButton, interface = pushButton.PushButton, policy = static, cardinality = 1..1, target = null, bind = setPushButton, unbind = null]
	}
	located in bundle = ProvideSelfDiagnosedEmergenciesSupport-impl_1.0.0 [21]
] 
!STACK 0
java.lang.ClassNotFoundException: provideSelfDiagnosedEmergenciesSupportImpl.ProvideSelfDiagnosedEmergenciesSupportImpl cannot be found by ProvideSelfDiagnosedEmergenciesSupport-impl_1.0.0
	at org.eclipse.osgi.internal.loader.BundleLoader.findClassInternal(BundleLoader.java:484)
	at org.eclipse.osgi.internal.loader.BundleLoader.findClass(BundleLoader.java:395)
	at org.eclipse.osgi.internal.loader.BundleLoader.findClass(BundleLoader.java:387)
	at org.eclipse.osgi.internal.loader.ModuleClassLoader.loadClass(ModuleClassLoader.java:150)
	at java.lang.ClassLoader.loadClass(Unknown Source)
	at org.eclipse.osgi.internal.framework.EquinoxBundle.loadClass(EquinoxBundle.java:564)
	at org.eclipse.equinox.internal.ds.model.ServiceComponent.createInstance(ServiceComponent.java:493)
	at org.eclipse.equinox.internal.ds.model.ServiceComponentProp.createInstance(ServiceComponentProp.java:270)
	at org.eclipse.equinox.internal.ds.model.ServiceComponentProp.build(ServiceComponentProp.java:331)
	at org.eclipse.equinox.internal.ds.InstanceProcess.buildComponent(InstanceProcess.java:620)
	at org.eclipse.equinox.internal.ds.InstanceProcess.buildComponents(InstanceProcess.java:197)
	at org.eclipse.equinox.internal.ds.Resolver.getEligible(Resolver.java:343)
	at org.eclipse.equinox.internal.ds.SCRManager.serviceChanged(SCRManager.java:222)
	at org.eclipse.osgi.internal.serviceregistry.FilteredServiceListener.serviceChanged(FilteredServiceListener.java:109)
	at org.eclipse.osgi.internal.framework.BundleContextImpl.dispatchEvent(BundleContextImpl.java:920)
	at org.eclipse.osgi.framework.eventmgr.EventManager.dispatchEvent(EventManager.java:230)
	at org.eclipse.osgi.framework.eventmgr.ListenerQueue.dispatchEventSynchronous(ListenerQueue.java:148)
	at org.eclipse.osgi.internal.serviceregistry.ServiceRegistry.publishServiceEventPrivileged(ServiceRegistry.java:862)
	at org.eclipse.osgi.internal.serviceregistry.ServiceRegistry.publishServiceEvent(ServiceRegistry.java:801)
	at org.eclipse.osgi.internal.serviceregistry.ServiceRegistrationImpl.register(ServiceRegistrationImpl.java:127)
	at org.eclipse.osgi.internal.serviceregistry.ServiceRegistry.registerService(ServiceRegistry.java:225)
	at org.eclipse.osgi.internal.framework.BundleContextImpl.registerService(BundleContextImpl.java:469)
	at org.eclipse.osgi.internal.framework.BundleContextImpl.registerService(BundleContextImpl.java:487)
	at org.eclipse.osgi.internal.framework.BundleContextImpl.registerService(BundleContextImpl.java:1004)
	at org.eclipse.equinox.console.commands.EquinoxCommandProvider.getResolutionReport(EquinoxCommandProvider.java:1933)
	at org.eclipse.equinox.console.commands.EquinoxCommandProvider.diag(EquinoxCommandProvider.java:1922)
	at sun.reflect.NativeMethodAccessorImpl.invoke0(Native Method)
	at sun.reflect.NativeMethodAccessorImpl.invoke(Unknown Source)
	at sun.reflect.DelegatingMethodAccessorImpl.invoke(Unknown Source)
	at java.lang.reflect.Method.invoke(Unknown Source)
	at org.apache.felix.gogo.runtime.Reflective.invoke(Reflective.java:137)
	at org.apache.felix.gogo.runtime.CommandProxy.execute(CommandProxy.java:82)
	at org.apache.felix.gogo.runtime.Closure.executeCmd(Closure.java:477)
	at org.apache.felix.gogo.runtime.Closure.executeStatement(Closure.java:403)
	at org.apache.felix.gogo.runtime.Pipe.run(Pipe.java:108)
	at org.apache.felix.gogo.runtime.Closure.execute(Closure.java:183)
	at org.apache.felix.gogo.runtime.Closure.execute(Closure.java:120)
	at org.apache.felix.gogo.runtime.CommandSessionImpl.execute(CommandSessionImpl.java:89)
	at org.apache.felix.gogo.shell.Console.run(Console.java:62)
	at org.apache.felix.gogo.shell.Shell.console(Shell.java:203)
	at org.apache.felix.gogo.shell.Shell.gosh(Shell.java:128)
	at sun.reflect.NativeMethodAccessorImpl.invoke0(Native Method)
	at sun.reflect.NativeMethodAccessorImpl.invoke(Unknown Source)
	at sun.reflect.DelegatingMethodAccessorImpl.invoke(Unknown Source)
	at java.lang.reflect.Method.invoke(Unknown Source)
	at org.apache.felix.gogo.runtime.Reflective.invoke(Reflective.java:137)
	at org.apache.felix.gogo.runtime.CommandProxy.execute(CommandProxy.java:82)
	at org.apache.felix.gogo.runtime.Closure.executeCmd(Closure.java:477)
	at org.apache.felix.gogo.runtime.Closure.executeStatement(Closure.java:403)
	at org.apache.felix.gogo.runtime.Pipe.run(Pipe.java:108)
	at org.apache.felix.gogo.runtime.Closure.execute(Closure.java:183)
	at org.apache.felix.gogo.runtime.Closure.execute(Closure.java:120)
	at org.apache.felix.gogo.runtime.CommandSessionImpl.execute(CommandSessionImpl.java:89)
	at org.apache.felix.gogo.shell.Activator.run(Activator.java:75)
	at java.lang.Thread.run(Unknown Source)

!ENTRY org.eclipse.equinox.ds 4 0 2018-11-18 09:45:25.952
!MESSAGE Exception occurred while creating new instance of component Component[
	name = ProvideSelfDiagnosedEmergenciesSupport-impl
	activate = activate
	deactivate = deactivate
	modified = 
	configuration-policy = optional
	factory = null
	autoenable = true
	immediate = true
	implementation = provideSelfDiagnosedEmergenciesSupportImpl.ProvideSelfDiagnosedEmergenciesSupportImpl
	state = Unsatisfied
	properties = 
	serviceFactory = false
	serviceInterface = [provideSelfDiagnosedEmergenciesSupport.ProvideSelfDiagnosedEmergenciesSupport]
	references = {
		Reference[name = NotifyEmergencyMedicalServices, interface = notifyEmergencyMedicalServices.NotifyEmergencyMedicalServices, policy = static, cardinality = 1..1, target = null, bind = setNotifyEmergencyMedicalServices, unbind = null]
		Reference[name = PushButton, interface = pushButton.PushButton, policy = static, cardinality = 1..1, target = null, bind = setPushButton, unbind = null]
	}
	located in bundle = ProvideSelfDiagnosedEmergenciesSupport-impl_1.0.0 [21]
] 
!STACK 0
java.lang.ClassNotFoundException: provideSelfDiagnosedEmergenciesSupportImpl.ProvideSelfDiagnosedEmergenciesSupportImpl cannot be found by ProvideSelfDiagnosedEmergenciesSupport-impl_1.0.0
	at org.eclipse.osgi.internal.loader.BundleLoader.findClassInternal(BundleLoader.java:484)
	at org.eclipse.osgi.internal.loader.BundleLoader.findClass(BundleLoader.java:395)
	at org.eclipse.osgi.internal.loader.BundleLoader.findClass(BundleLoader.java:387)
	at org.eclipse.osgi.internal.loader.ModuleClassLoader.loadClass(ModuleClassLoader.java:150)
	at java.lang.ClassLoader.loadClass(Unknown Source)
	at org.eclipse.osgi.internal.framework.EquinoxBundle.loadClass(EquinoxBundle.java:564)
	at org.eclipse.equinox.internal.ds.model.ServiceComponent.createInstance(ServiceComponent.java:493)
	at org.eclipse.equinox.internal.ds.model.ServiceComponentProp.createInstance(ServiceComponentProp.java:270)
	at org.eclipse.equinox.internal.ds.model.ServiceComponentProp.build(ServiceComponentProp.java:331)
	at org.eclipse.equinox.internal.ds.InstanceProcess.buildComponent(InstanceProcess.java:620)
	at org.eclipse.equinox.internal.ds.InstanceProcess.buildComponents(InstanceProcess.java:197)
	at org.eclipse.equinox.internal.ds.Resolver.getEligible(Resolver.java:343)
	at org.eclipse.equinox.internal.ds.SCRManager.serviceChanged(SCRManager.java:222)
	at org.eclipse.osgi.internal.serviceregistry.FilteredServiceListener.serviceChanged(FilteredServiceListener.java:109)
	at org.eclipse.osgi.internal.framework.BundleContextImpl.dispatchEvent(BundleContextImpl.java:920)
	at org.eclipse.osgi.framework.eventmgr.EventManager.dispatchEvent(EventManager.java:230)
	at org.eclipse.osgi.framework.eventmgr.ListenerQueue.dispatchEventSynchronous(ListenerQueue.java:148)
	at org.eclipse.osgi.internal.serviceregistry.ServiceRegistry.publishServiceEventPrivileged(ServiceRegistry.java:862)
	at org.eclipse.osgi.internal.serviceregistry.ServiceRegistry.publishServiceEvent(ServiceRegistry.java:801)
	at org.eclipse.osgi.internal.serviceregistry.ServiceRegistrationImpl.register(ServiceRegistrationImpl.java:127)
	at org.eclipse.osgi.internal.serviceregistry.ServiceRegistry.registerService(ServiceRegistry.java:225)
	at org.eclipse.osgi.internal.framework.BundleContextImpl.registerService(BundleContextImpl.java:469)
	at org.eclipse.osgi.internal.framework.BundleContextImpl.registerService(BundleContextImpl.java:487)
	at org.eclipse.osgi.internal.framework.BundleContextImpl.registerService(BundleContextImpl.java:1004)
	at org.eclipse.equinox.console.commands.EquinoxCommandProvider.getResolutionReport(EquinoxCommandProvider.java:1933)
	at org.eclipse.equinox.console.commands.EquinoxCommandProvider.diag(EquinoxCommandProvider.java:1922)
	at sun.reflect.NativeMethodAccessorImpl.invoke0(Native Method)
	at sun.reflect.NativeMethodAccessorImpl.invoke(Unknown Source)
	at sun.reflect.DelegatingMethodAccessorImpl.invoke(Unknown Source)
	at java.lang.reflect.Method.invoke(Unknown Source)
	at org.apache.felix.gogo.runtime.Reflective.invoke(Reflective.java:137)
	at org.apache.felix.gogo.runtime.CommandProxy.execute(CommandProxy.java:82)
	at org.apache.felix.gogo.runtime.Closure.executeCmd(Closure.java:477)
	at org.apache.felix.gogo.runtime.Closure.executeStatement(Closure.java:403)
	at org.apache.felix.gogo.runtime.Pipe.run(Pipe.java:108)
	at org.apache.felix.gogo.runtime.Closure.execute(Closure.java:183)
	at org.apache.felix.gogo.runtime.Closure.execute(Closure.java:120)
	at org.apache.felix.gogo.runtime.CommandSessionImpl.execute(CommandSessionImpl.java:89)
	at org.apache.felix.gogo.shell.Console.run(Console.java:62)
	at org.apache.felix.gogo.shell.Shell.console(Shell.java:203)
	at org.apache.felix.gogo.shell.Shell.gosh(Shell.java:128)
	at sun.reflect.NativeMethodAccessorImpl.invoke0(Native Method)
	at sun.reflect.NativeMethodAccessorImpl.invoke(Unknown Source)
	at sun.reflect.DelegatingMethodAccessorImpl.invoke(Unknown Source)
	at java.lang.reflect.Method.invoke(Unknown Source)
	at org.apache.felix.gogo.runtime.Reflective.invoke(Reflective.java:137)
	at org.apache.felix.gogo.runtime.CommandProxy.execute(CommandProxy.java:82)
	at org.apache.felix.gogo.runtime.Closure.executeCmd(Closure.java:477)
	at org.apache.felix.gogo.runtime.Closure.executeStatement(Closure.java:403)
	at org.apache.felix.gogo.runtime.Pipe.run(Pipe.java:108)
	at org.apache.felix.gogo.runtime.Closure.execute(Closure.java:183)
	at org.apache.felix.gogo.runtime.Closure.execute(Closure.java:120)
	at org.apache.felix.gogo.runtime.CommandSessionImpl.execute(CommandSessionImpl.java:89)
	at org.apache.felix.gogo.shell.Activator.run(Activator.java:75)
	at java.lang.Thread.run(Unknown Source)
