!SESSION 2018-11-18 12:04:50.523 -----------------------------------------------
eclipse.buildId=unknown
java.version=1.8.0_191
java.vendor=Oracle Corporation
BootLoader constants: OS=win32, ARCH=x86_64, WS=win32, NL=pt_BR

!ENTRY org.eclipse.equinox.ds 4 0 2018-11-18 12:04:50.524
!MESSAGE Exception occurred while creating new instance of component Component[
	name = SendSMS-impl
	activate = activate
	deactivate = deactivate
	modified = 
	configuration-policy = optional
	factory = null
	autoenable = true
	immediate = true
	implementation = sendSMS
	state = Unsatisfied
	properties = 
	serviceFactory = false
	serviceInterface = [notifyEmergencyMedicalServices.NotifyEmergencyMedicalServices]
	references = null
	located in bundle = SendSMS-impl_1.0.0 [24]
] 
!STACK 0
java.lang.ClassNotFoundException: sendSMS cannot be found by SendSMS-impl_1.0.0
	at org.eclipse.osgi.internal.loader.BundleLoader.findClassInternal(BundleLoader.java:484)
	at org.eclipse.osgi.internal.loader.BundleLoader.findClass(BundleLoader.java:395)
	at org.eclipse.osgi.internal.loader.BundleLoader.findClass(BundleLoader.java:387)
	at org.eclipse.osgi.internal.loader.ModuleClassLoader.loadClass(ModuleClassLoader.java:150)
	at java.lang.ClassLoader.loadClass(Unknown Source)
	at org.eclipse.osgi.internal.framework.EquinoxBundle.loadClass(EquinoxBundle.java:564)
	at org.eclipse.equinox.internal.ds.model.ServiceComponent.createInstance(ServiceComponent.java:493)
	at org.eclipse.equinox.internal.ds.model.ServiceComponentProp.createInstance(ServiceComponentProp.java:270)
	at org.eclipse.equinox.internal.ds.model.ServiceComponentProp.build(ServiceComponentProp.java:331)
	at org.eclipse.equinox.internal.ds.InstanceProcess.buildComponent(InstanceProcess.java:620)
	at org.eclipse.equinox.internal.ds.InstanceProcess.buildComponents(InstanceProcess.java:197)
	at org.eclipse.equinox.internal.ds.Resolver.buildNewlySatisfied(Resolver.java:473)
	at org.eclipse.equinox.internal.ds.Resolver.enableComponents(Resolver.java:217)
	at org.eclipse.equinox.internal.ds.SCRManager.performWork(SCRManager.java:816)
	at org.eclipse.equinox.internal.ds.SCRManager$QueuedJob.dispatch(SCRManager.java:783)
	at org.eclipse.equinox.internal.ds.WorkThread.run(WorkThread.java:89)
	at org.eclipse.equinox.internal.util.impl.tpt.threadpool.Executor.run(Executor.java:70)

!ENTRY org.eclipse.equinox.ds 4 0 2018-11-18 12:04:50.529
!MESSAGE Exception occurred while creating new instance of component Component[
	name = SendSMS-impl
	activate = activate
	deactivate = deactivate
	modified = 
	configuration-policy = optional
	factory = null
	autoenable = true
	immediate = true
	implementation = sendSMS
	state = Unsatisfied
	properties = 
	serviceFactory = false
	serviceInterface = [notifyEmergencyMedicalServices.NotifyEmergencyMedicalServices]
	references = null
	located in bundle = SendSMS-impl_1.0.0 [24]
] 
!STACK 0
java.lang.ClassNotFoundException: sendSMS cannot be found by SendSMS-impl_1.0.0
	at org.eclipse.osgi.internal.loader.BundleLoader.findClassInternal(BundleLoader.java:484)
	at org.eclipse.osgi.internal.loader.BundleLoader.findClass(BundleLoader.java:395)
	at org.eclipse.osgi.internal.loader.BundleLoader.findClass(BundleLoader.java:387)
	at org.eclipse.osgi.internal.loader.ModuleClassLoader.loadClass(ModuleClassLoader.java:150)
	at java.lang.ClassLoader.loadClass(Unknown Source)
	at org.eclipse.osgi.internal.framework.EquinoxBundle.loadClass(EquinoxBundle.java:564)
	at org.eclipse.equinox.internal.ds.model.ServiceComponent.createInstance(ServiceComponent.java:493)
	at org.eclipse.equinox.internal.ds.model.ServiceComponentProp.createInstance(ServiceComponentProp.java:270)
	at org.eclipse.equinox.internal.ds.model.ServiceComponentProp.build(ServiceComponentProp.java:331)
	at org.eclipse.equinox.internal.ds.InstanceProcess.buildComponent(InstanceProcess.java:620)
	at org.eclipse.equinox.internal.ds.InstanceProcess.buildComponents(InstanceProcess.java:197)
	at org.eclipse.equinox.internal.ds.Resolver.buildNewlySatisfied(Resolver.java:473)
	at org.eclipse.equinox.internal.ds.Resolver.enableComponents(Resolver.java:217)
	at org.eclipse.equinox.internal.ds.SCRManager.performWork(SCRManager.java:816)
	at org.eclipse.equinox.internal.ds.SCRManager$QueuedJob.dispatch(SCRManager.java:783)
	at org.eclipse.equinox.internal.ds.WorkThread.run(WorkThread.java:89)
	at org.eclipse.equinox.internal.util.impl.tpt.threadpool.Executor.run(Executor.java:70)

!ENTRY org.eclipse.equinox.ds 4 0 2018-11-18 12:05:21.590
!MESSAGE Exception occurred while creating new instance of component Component[
	name = SendSMS-impl
	activate = activate
	deactivate = deactivate
	modified = 
	configuration-policy = optional
	factory = null
	autoenable = true
	immediate = true
	implementation = sendSMS
	state = Unsatisfied
	properties = 
	serviceFactory = false
	serviceInterface = [notifyEmergencyMedicalServices.NotifyEmergencyMedicalServices]
	references = null
	located in bundle = SendSMS-impl_1.0.0 [24]
] 
!STACK 0
java.lang.ClassNotFoundException: sendSMS cannot be found by SendSMS-impl_1.0.0
	at org.eclipse.osgi.internal.loader.BundleLoader.findClassInternal(BundleLoader.java:484)
	at org.eclipse.osgi.internal.loader.BundleLoader.findClass(BundleLoader.java:395)
	at org.eclipse.osgi.internal.loader.BundleLoader.findClass(BundleLoader.java:387)
	at org.eclipse.osgi.internal.loader.ModuleClassLoader.loadClass(ModuleClassLoader.java:150)
	at java.lang.ClassLoader.loadClass(Unknown Source)
	at org.eclipse.osgi.internal.framework.EquinoxBundle.loadClass(EquinoxBundle.java:564)
	at org.eclipse.equinox.internal.ds.model.ServiceComponent.createInstance(ServiceComponent.java:493)
	at org.eclipse.equinox.internal.ds.model.ServiceComponentProp.createInstance(ServiceComponentProp.java:270)
	at org.eclipse.equinox.internal.ds.model.ServiceComponentProp.build(ServiceComponentProp.java:331)
	at org.eclipse.equinox.internal.ds.InstanceProcess.buildComponent(InstanceProcess.java:620)
	at org.eclipse.equinox.internal.ds.InstanceProcess.buildComponents(InstanceProcess.java:197)
	at org.eclipse.equinox.internal.ds.Resolver.buildNewlySatisfied(Resolver.java:473)
	at org.eclipse.equinox.internal.ds.Resolver.enableComponents(Resolver.java:217)
	at org.eclipse.equinox.internal.ds.SCRManager.performWork(SCRManager.java:816)
	at org.eclipse.equinox.internal.ds.SCRManager$QueuedJob.dispatch(SCRManager.java:783)
	at org.eclipse.equinox.internal.ds.WorkThread.run(WorkThread.java:89)
	at org.eclipse.equinox.internal.util.impl.tpt.threadpool.Executor.run(Executor.java:70)

!ENTRY org.eclipse.equinox.ds 4 0 2018-11-18 12:05:21.593
!MESSAGE Exception occurred while creating new instance of component Component[
	name = SendSMS-impl
	activate = activate
	deactivate = deactivate
	modified = 
	configuration-policy = optional
	factory = null
	autoenable = true
	immediate = true
	implementation = sendSMS
	state = Unsatisfied
	properties = 
	serviceFactory = false
	serviceInterface = [notifyEmergencyMedicalServices.NotifyEmergencyMedicalServices]
	references = null
	located in bundle = SendSMS-impl_1.0.0 [24]
] 
!STACK 0
java.lang.ClassNotFoundException: sendSMS cannot be found by SendSMS-impl_1.0.0
	at org.eclipse.osgi.internal.loader.BundleLoader.findClassInternal(BundleLoader.java:484)
	at org.eclipse.osgi.internal.loader.BundleLoader.findClass(BundleLoader.java:395)
	at org.eclipse.osgi.internal.loader.BundleLoader.findClass(BundleLoader.java:387)
	at org.eclipse.osgi.internal.loader.ModuleClassLoader.loadClass(ModuleClassLoader.java:150)
	at java.lang.ClassLoader.loadClass(Unknown Source)
	at org.eclipse.osgi.internal.framework.EquinoxBundle.loadClass(EquinoxBundle.java:564)
	at org.eclipse.equinox.internal.ds.model.ServiceComponent.createInstance(ServiceComponent.java:493)
	at org.eclipse.equinox.internal.ds.model.ServiceComponentProp.createInstance(ServiceComponentProp.java:270)
	at org.eclipse.equinox.internal.ds.model.ServiceComponentProp.build(ServiceComponentProp.java:331)
	at org.eclipse.equinox.internal.ds.InstanceProcess.buildComponent(InstanceProcess.java:620)
	at org.eclipse.equinox.internal.ds.InstanceProcess.buildComponents(InstanceProcess.java:197)
	at org.eclipse.equinox.internal.ds.Resolver.buildNewlySatisfied(Resolver.java:473)
	at org.eclipse.equinox.internal.ds.Resolver.enableComponents(Resolver.java:217)
	at org.eclipse.equinox.internal.ds.SCRManager.performWork(SCRManager.java:816)
	at org.eclipse.equinox.internal.ds.SCRManager$QueuedJob.dispatch(SCRManager.java:783)
	at org.eclipse.equinox.internal.ds.WorkThread.run(WorkThread.java:89)
	at org.eclipse.equinox.internal.util.impl.tpt.threadpool.Executor.run(Executor.java:70)

!ENTRY org.eclipse.equinox.ds 4 0 2018-11-18 12:05:21.596
!MESSAGE Exception occurred while creating new instance of component Component[
	name = SendSMS-impl
	activate = activate
	deactivate = deactivate
	modified = 
	configuration-policy = optional
	factory = null
	autoenable = true
	immediate = true
	implementation = sendSMS
	state = Unsatisfied
	properties = 
	serviceFactory = false
	serviceInterface = [notifyEmergencyMedicalServices.NotifyEmergencyMedicalServices]
	references = null
	located in bundle = SendSMS-impl_1.0.0 [24]
] 
!STACK 0
java.lang.ClassNotFoundException: sendSMS cannot be found by SendSMS-impl_1.0.0
	at org.eclipse.osgi.internal.loader.BundleLoader.findClassInternal(BundleLoader.java:484)
	at org.eclipse.osgi.internal.loader.BundleLoader.findClass(BundleLoader.java:395)
	at org.eclipse.osgi.internal.loader.BundleLoader.findClass(BundleLoader.java:387)
	at org.eclipse.osgi.internal.loader.ModuleClassLoader.loadClass(ModuleClassLoader.java:150)
	at java.lang.ClassLoader.loadClass(Unknown Source)
	at org.eclipse.osgi.internal.framework.EquinoxBundle.loadClass(EquinoxBundle.java:564)
	at org.eclipse.equinox.internal.ds.model.ServiceComponent.createInstance(ServiceComponent.java:493)
	at org.eclipse.equinox.internal.ds.model.ServiceComponentProp.createInstance(ServiceComponentProp.java:270)
	at org.eclipse.equinox.internal.ds.model.ServiceComponentProp.build(ServiceComponentProp.java:331)
	at org.eclipse.equinox.internal.ds.InstanceProcess.buildComponent(InstanceProcess.java:620)
	at org.eclipse.equinox.internal.ds.InstanceProcess.buildComponents(InstanceProcess.java:197)
	at org.eclipse.equinox.internal.ds.Resolver.getEligible(Resolver.java:343)
	at org.eclipse.equinox.internal.ds.SCRManager.serviceChanged(SCRManager.java:222)
	at org.eclipse.osgi.internal.serviceregistry.FilteredServiceListener.serviceChanged(FilteredServiceListener.java:109)
	at org.eclipse.osgi.internal.framework.BundleContextImpl.dispatchEvent(BundleContextImpl.java:920)
	at org.eclipse.osgi.framework.eventmgr.EventManager.dispatchEvent(EventManager.java:230)
	at org.eclipse.osgi.framework.eventmgr.ListenerQueue.dispatchEventSynchronous(ListenerQueue.java:148)
	at org.eclipse.osgi.internal.serviceregistry.ServiceRegistry.publishServiceEventPrivileged(ServiceRegistry.java:862)
	at org.eclipse.osgi.internal.serviceregistry.ServiceRegistry.publishServiceEvent(ServiceRegistry.java:801)
	at org.eclipse.osgi.internal.serviceregistry.ServiceRegistrationImpl.register(ServiceRegistrationImpl.java:127)
	at org.eclipse.osgi.internal.serviceregistry.ServiceRegistry.registerService(ServiceRegistry.java:225)
	at org.eclipse.osgi.internal.framework.BundleContextImpl.registerService(BundleContextImpl.java:469)
	at org.eclipse.equinox.internal.ds.InstanceProcess.registerService(InstanceProcess.java:536)
	at org.eclipse.equinox.internal.ds.InstanceProcess.buildComponents(InstanceProcess.java:213)
	at org.eclipse.equinox.internal.ds.Resolver.buildNewlySatisfied(Resolver.java:473)
	at org.eclipse.equinox.internal.ds.Resolver.enableComponents(Resolver.java:217)
	at org.eclipse.equinox.internal.ds.SCRManager.performWork(SCRManager.java:816)
	at org.eclipse.equinox.internal.ds.SCRManager$QueuedJob.dispatch(SCRManager.java:783)
	at org.eclipse.equinox.internal.ds.WorkThread.run(WorkThread.java:89)
	at org.eclipse.equinox.internal.util.impl.tpt.threadpool.Executor.run(Executor.java:70)

!ENTRY org.eclipse.equinox.ds 4 0 2018-11-18 12:05:21.598
!MESSAGE Exception occurred while creating new instance of component Component[
	name = SendSMS-impl
	activate = activate
	deactivate = deactivate
	modified = 
	configuration-policy = optional
	factory = null
	autoenable = true
	immediate = true
	implementation = sendSMS
	state = Unsatisfied
	properties = 
	serviceFactory = false
	serviceInterface = [notifyEmergencyMedicalServices.NotifyEmergencyMedicalServices]
	references = null
	located in bundle = SendSMS-impl_1.0.0 [24]
] 
!STACK 0
java.lang.ClassNotFoundException: sendSMS cannot be found by SendSMS-impl_1.0.0
	at org.eclipse.osgi.internal.loader.BundleLoader.findClassInternal(BundleLoader.java:484)
	at org.eclipse.osgi.internal.loader.BundleLoader.findClass(BundleLoader.java:395)
	at org.eclipse.osgi.internal.loader.BundleLoader.findClass(BundleLoader.java:387)
	at org.eclipse.osgi.internal.loader.ModuleClassLoader.loadClass(ModuleClassLoader.java:150)
	at java.lang.ClassLoader.loadClass(Unknown Source)
	at org.eclipse.osgi.internal.framework.EquinoxBundle.loadClass(EquinoxBundle.java:564)
	at org.eclipse.equinox.internal.ds.model.ServiceComponent.createInstance(ServiceComponent.java:493)
	at org.eclipse.equinox.internal.ds.model.ServiceComponentProp.createInstance(ServiceComponentProp.java:270)
	at org.eclipse.equinox.internal.ds.model.ServiceComponentProp.build(ServiceComponentProp.java:331)
	at org.eclipse.equinox.internal.ds.InstanceProcess.buildComponent(InstanceProcess.java:620)
	at org.eclipse.equinox.internal.ds.InstanceProcess.buildComponents(InstanceProcess.java:197)
	at org.eclipse.equinox.internal.ds.Resolver.getEligible(Resolver.java:343)
	at org.eclipse.equinox.internal.ds.SCRManager.serviceChanged(SCRManager.java:222)
	at org.eclipse.osgi.internal.serviceregistry.FilteredServiceListener.serviceChanged(FilteredServiceListener.java:109)
	at org.eclipse.osgi.internal.framework.BundleContextImpl.dispatchEvent(BundleContextImpl.java:920)
	at org.eclipse.osgi.framework.eventmgr.EventManager.dispatchEvent(EventManager.java:230)
	at org.eclipse.osgi.framework.eventmgr.ListenerQueue.dispatchEventSynchronous(ListenerQueue.java:148)
	at org.eclipse.osgi.internal.serviceregistry.ServiceRegistry.publishServiceEventPrivileged(ServiceRegistry.java:862)
	at org.eclipse.osgi.internal.serviceregistry.ServiceRegistry.publishServiceEvent(ServiceRegistry.java:801)
	at org.eclipse.osgi.internal.serviceregistry.ServiceRegistrationImpl.register(ServiceRegistrationImpl.java:127)
	at org.eclipse.osgi.internal.serviceregistry.ServiceRegistry.registerService(ServiceRegistry.java:225)
	at org.eclipse.osgi.internal.framework.BundleContextImpl.registerService(BundleContextImpl.java:469)
	at org.eclipse.equinox.internal.ds.InstanceProcess.registerService(InstanceProcess.java:536)
	at org.eclipse.equinox.internal.ds.InstanceProcess.buildComponents(InstanceProcess.java:213)
	at org.eclipse.equinox.internal.ds.Resolver.buildNewlySatisfied(Resolver.java:473)
	at org.eclipse.equinox.internal.ds.Resolver.enableComponents(Resolver.java:217)
	at org.eclipse.equinox.internal.ds.SCRManager.performWork(SCRManager.java:816)
	at org.eclipse.equinox.internal.ds.SCRManager$QueuedJob.dispatch(SCRManager.java:783)
	at org.eclipse.equinox.internal.ds.WorkThread.run(WorkThread.java:89)
	at org.eclipse.equinox.internal.util.impl.tpt.threadpool.Executor.run(Executor.java:70)

!ENTRY org.eclipse.equinox.ds 4 0 2018-11-18 12:05:38.176
!MESSAGE Exception occurred while creating new instance of component Component[
	name = SendSMS-impl
	activate = activate
	deactivate = deactivate
	modified = 
	configuration-policy = optional
	factory = null
	autoenable = true
	immediate = true
	implementation = sendSMS
	state = Unsatisfied
	properties = 
	serviceFactory = false
	serviceInterface = [notifyEmergencyMedicalServices.NotifyEmergencyMedicalServices]
	references = null
	located in bundle = SendSMS-impl_1.0.0 [24]
] 
!STACK 0
java.lang.ClassNotFoundException: sendSMS cannot be found by SendSMS-impl_1.0.0
	at org.eclipse.osgi.internal.loader.BundleLoader.findClassInternal(BundleLoader.java:484)
	at org.eclipse.osgi.internal.loader.BundleLoader.findClass(BundleLoader.java:395)
	at org.eclipse.osgi.internal.loader.BundleLoader.findClass(BundleLoader.java:387)
	at org.eclipse.osgi.internal.loader.ModuleClassLoader.loadClass(ModuleClassLoader.java:150)
	at java.lang.ClassLoader.loadClass(Unknown Source)
	at org.eclipse.osgi.internal.framework.EquinoxBundle.loadClass(EquinoxBundle.java:564)
	at org.eclipse.equinox.internal.ds.model.ServiceComponent.createInstance(ServiceComponent.java:493)
	at org.eclipse.equinox.internal.ds.model.ServiceComponentProp.createInstance(ServiceComponentProp.java:270)
	at org.eclipse.equinox.internal.ds.model.ServiceComponentProp.build(ServiceComponentProp.java:331)
	at org.eclipse.equinox.internal.ds.InstanceProcess.buildComponent(InstanceProcess.java:620)
	at org.eclipse.equinox.internal.ds.InstanceProcess.buildComponents(InstanceProcess.java:197)
	at org.eclipse.equinox.internal.ds.Resolver.buildNewlySatisfied(Resolver.java:473)
	at org.eclipse.equinox.internal.ds.Resolver.enableComponents(Resolver.java:217)
	at org.eclipse.equinox.internal.ds.SCRManager.performWork(SCRManager.java:816)
	at org.eclipse.equinox.internal.ds.SCRManager$QueuedJob.dispatch(SCRManager.java:783)
	at org.eclipse.equinox.internal.ds.WorkThread.run(WorkThread.java:89)
	at org.eclipse.equinox.internal.util.impl.tpt.threadpool.Executor.run(Executor.java:70)

!ENTRY org.eclipse.equinox.ds 4 0 2018-11-18 12:05:38.178
!MESSAGE Exception occurred while creating new instance of component Component[
	name = SendSMS-impl
	activate = activate
	deactivate = deactivate
	modified = 
	configuration-policy = optional
	factory = null
	autoenable = true
	immediate = true
	implementation = sendSMS
	state = Unsatisfied
	properties = 
	serviceFactory = false
	serviceInterface = [notifyEmergencyMedicalServices.NotifyEmergencyMedicalServices]
	references = null
	located in bundle = SendSMS-impl_1.0.0 [24]
] 
!STACK 0
java.lang.ClassNotFoundException: sendSMS cannot be found by SendSMS-impl_1.0.0
	at org.eclipse.osgi.internal.loader.BundleLoader.findClassInternal(BundleLoader.java:484)
	at org.eclipse.osgi.internal.loader.BundleLoader.findClass(BundleLoader.java:395)
	at org.eclipse.osgi.internal.loader.BundleLoader.findClass(BundleLoader.java:387)
	at org.eclipse.osgi.internal.loader.ModuleClassLoader.loadClass(ModuleClassLoader.java:150)
	at java.lang.ClassLoader.loadClass(Unknown Source)
	at org.eclipse.osgi.internal.framework.EquinoxBundle.loadClass(EquinoxBundle.java:564)
	at org.eclipse.equinox.internal.ds.model.ServiceComponent.createInstance(ServiceComponent.java:493)
	at org.eclipse.equinox.internal.ds.model.ServiceComponentProp.createInstance(ServiceComponentProp.java:270)
	at org.eclipse.equinox.internal.ds.model.ServiceComponentProp.build(ServiceComponentProp.java:331)
	at org.eclipse.equinox.internal.ds.InstanceProcess.buildComponent(InstanceProcess.java:620)
	at org.eclipse.equinox.internal.ds.InstanceProcess.buildComponents(InstanceProcess.java:197)
	at org.eclipse.equinox.internal.ds.Resolver.buildNewlySatisfied(Resolver.java:473)
	at org.eclipse.equinox.internal.ds.Resolver.enableComponents(Resolver.java:217)
	at org.eclipse.equinox.internal.ds.SCRManager.performWork(SCRManager.java:816)
	at org.eclipse.equinox.internal.ds.SCRManager$QueuedJob.dispatch(SCRManager.java:783)
	at org.eclipse.equinox.internal.ds.WorkThread.run(WorkThread.java:89)
	at org.eclipse.equinox.internal.util.impl.tpt.threadpool.Executor.run(Executor.java:70)
