!SESSION 2018-11-16 10:57:56.933 -----------------------------------------------
eclipse.buildId=unknown
java.version=1.8.0_191
java.vendor=Oracle Corporation
BootLoader constants: OS=win32, ARCH=x86_64, WS=win32, NL=pt_BR

!ENTRY org.eclipse.equinox.ds 4 0 2018-11-16 10:57:56.941
!MESSAGE Exception occurred while creating new instance of component Component[
	name = ProvideHealthSupportImpl
	activate = start
	deactivate = deactivate
	modified = 
	configuration-policy = optional
	factory = null
	autoenable = true
	immediate = false
	implementation = provideHealthSupportImpl.ProvideHealthSupportImpl
	state = Unsatisfied
	properties = 
	serviceFactory = false
	serviceInterface = [provideHealthSupport.ProvideHealthSupport]
	references = {
		Reference[name = ProvideAutomatedLifeSupport, interface = provideAutomatedLifeSupport.ProvideAutomatedLifeSupport, policy = static, cardinality = 1..1, target = null, bind = setProvideAutomatedLifeSupport, unbind = null]
		Reference[name = ProvideSelfDiagnosedEmergenciesSupport, interface = provideSelfDiagnosedEmergenciesSupport.ProvideSelfDiagnosedEmergenciesSupport, policy = static, cardinality = 1..1, target = null, bind = setProvideSelfDiagnosedEmergenciesSupport, unbind = null]
	}
	located in bundle = ProvideHealthSupport.impl_1.0.0 [35]
] 
!STACK 0
java.lang.ClassNotFoundException: provideHealthSupportImpl.ProvideHealthSupportImpl cannot be found by ProvideHealthSupport.impl_1.0.0
	at org.eclipse.osgi.internal.loader.BundleLoader.findClassInternal(BundleLoader.java:484)
	at org.eclipse.osgi.internal.loader.BundleLoader.findClass(BundleLoader.java:395)
	at org.eclipse.osgi.internal.loader.BundleLoader.findClass(BundleLoader.java:387)
	at org.eclipse.osgi.internal.loader.ModuleClassLoader.loadClass(ModuleClassLoader.java:150)
	at java.lang.ClassLoader.loadClass(Unknown Source)
	at org.eclipse.osgi.internal.framework.EquinoxBundle.loadClass(EquinoxBundle.java:564)
	at org.eclipse.equinox.internal.ds.model.ServiceComponent.createInstance(ServiceComponent.java:493)
	at org.eclipse.equinox.internal.ds.model.ServiceComponentProp.createInstance(ServiceComponentProp.java:270)
	at org.eclipse.equinox.internal.ds.model.ServiceComponentProp.build(ServiceComponentProp.java:331)
	at org.eclipse.equinox.internal.ds.InstanceProcess.buildComponent(InstanceProcess.java:620)
	at org.eclipse.equinox.internal.ds.ServiceReg.getService(ServiceReg.java:53)
	at org.eclipse.osgi.internal.serviceregistry.ServiceFactoryUse$1.run(ServiceFactoryUse.java:212)
	at java.security.AccessController.doPrivileged(Native Method)
	at org.eclipse.osgi.internal.serviceregistry.ServiceFactoryUse.factoryGetService(ServiceFactoryUse.java:210)
	at org.eclipse.osgi.internal.serviceregistry.ServiceFactoryUse.getService(ServiceFactoryUse.java:111)
	at org.eclipse.osgi.internal.serviceregistry.ServiceConsumer$2.getService(ServiceConsumer.java:45)
	at org.eclipse.osgi.internal.serviceregistry.ServiceRegistrationImpl.getService(ServiceRegistrationImpl.java:508)
	at org.eclipse.osgi.internal.serviceregistry.ServiceRegistry.getService(ServiceRegistry.java:461)
	at org.eclipse.osgi.internal.framework.BundleContextImpl.getService(BundleContextImpl.java:624)
	at org.goald.osgi.intelligence.dev.Main.main(Main.java:72)

!ENTRY org.eclipse.equinox.ds 4 0 2018-11-16 10:57:56.973
!MESSAGE Exception occurred while creating new instance of component Component[
	name = ProvideHealthSupportImpl
	activate = start
	deactivate = deactivate
	modified = 
	configuration-policy = optional
	factory = null
	autoenable = true
	immediate = false
	implementation = provideHealthSupportImpl.ProvideHealthSupportImpl
	state = Unsatisfied
	properties = 
	serviceFactory = false
	serviceInterface = [provideHealthSupport.ProvideHealthSupport]
	references = {
		Reference[name = ProvideAutomatedLifeSupport, interface = provideAutomatedLifeSupport.ProvideAutomatedLifeSupport, policy = static, cardinality = 1..1, target = null, bind = setProvideAutomatedLifeSupport, unbind = null]
		Reference[name = ProvideSelfDiagnosedEmergenciesSupport, interface = provideSelfDiagnosedEmergenciesSupport.ProvideSelfDiagnosedEmergenciesSupport, policy = static, cardinality = 1..1, target = null, bind = setProvideSelfDiagnosedEmergenciesSupport, unbind = null]
	}
	located in bundle = ProvideHealthSupport.impl_1.0.0 [35]
] 
!STACK 0
java.lang.ClassNotFoundException: provideHealthSupportImpl.ProvideHealthSupportImpl cannot be found by ProvideHealthSupport.impl_1.0.0
	at org.eclipse.osgi.internal.loader.BundleLoader.findClassInternal(BundleLoader.java:484)
	at org.eclipse.osgi.internal.loader.BundleLoader.findClass(BundleLoader.java:395)
	at org.eclipse.osgi.internal.loader.BundleLoader.findClass(BundleLoader.java:387)
	at org.eclipse.osgi.internal.loader.ModuleClassLoader.loadClass(ModuleClassLoader.java:150)
	at java.lang.ClassLoader.loadClass(Unknown Source)
	at org.eclipse.osgi.internal.framework.EquinoxBundle.loadClass(EquinoxBundle.java:564)
	at org.eclipse.equinox.internal.ds.model.ServiceComponent.createInstance(ServiceComponent.java:493)
	at org.eclipse.equinox.internal.ds.model.ServiceComponentProp.createInstance(ServiceComponentProp.java:270)
	at org.eclipse.equinox.internal.ds.model.ServiceComponentProp.build(ServiceComponentProp.java:331)
	at org.eclipse.equinox.internal.ds.InstanceProcess.buildComponent(InstanceProcess.java:620)
	at org.eclipse.equinox.internal.ds.ServiceReg.getService(ServiceReg.java:53)
	at org.eclipse.osgi.internal.serviceregistry.ServiceFactoryUse$1.run(ServiceFactoryUse.java:212)
	at java.security.AccessController.doPrivileged(Native Method)
	at org.eclipse.osgi.internal.serviceregistry.ServiceFactoryUse.factoryGetService(ServiceFactoryUse.java:210)
	at org.eclipse.osgi.internal.serviceregistry.ServiceFactoryUse.getService(ServiceFactoryUse.java:111)
	at org.eclipse.osgi.internal.serviceregistry.ServiceConsumer$2.getService(ServiceConsumer.java:45)
	at org.eclipse.osgi.internal.serviceregistry.ServiceRegistrationImpl.getService(ServiceRegistrationImpl.java:508)
	at org.eclipse.osgi.internal.serviceregistry.ServiceRegistry.getService(ServiceRegistry.java:461)
	at org.eclipse.osgi.internal.framework.BundleContextImpl.getService(BundleContextImpl.java:624)
	at org.goald.osgi.intelligence.dev.Main.main(Main.java:72)

!ENTRY ProvideHealthSupport.impl 4 0 2018-11-16 10:57:57.005
!MESSAGE FrameworkEvent ERROR
!STACK 0
org.osgi.framework.ServiceException: Exception in org.eclipse.equinox.internal.ds.ServiceReg.getService()
	at org.eclipse.osgi.internal.serviceregistry.ServiceFactoryUse.factoryGetService(ServiceFactoryUse.java:222)
	at org.eclipse.osgi.internal.serviceregistry.ServiceFactoryUse.getService(ServiceFactoryUse.java:111)
	at org.eclipse.osgi.internal.serviceregistry.ServiceConsumer$2.getService(ServiceConsumer.java:45)
	at org.eclipse.osgi.internal.serviceregistry.ServiceRegistrationImpl.getService(ServiceRegistrationImpl.java:508)
	at org.eclipse.osgi.internal.serviceregistry.ServiceRegistry.getService(ServiceRegistry.java:461)
	at org.eclipse.osgi.internal.framework.BundleContextImpl.getService(BundleContextImpl.java:624)
	at org.goald.osgi.intelligence.dev.Main.main(Main.java:72)
Caused by: org.osgi.service.component.ComponentException: Exception occurred while creating new instance of component Component[
	name = ProvideHealthSupportImpl
	activate = start
	deactivate = deactivate
	modified = 
	configuration-policy = optional
	factory = null
	autoenable = true
	immediate = false
	implementation = provideHealthSupportImpl.ProvideHealthSupportImpl
	state = Unsatisfied
	properties = 
	serviceFactory = false
	serviceInterface = [provideHealthSupport.ProvideHealthSupport]
	references = {
		Reference[name = ProvideAutomatedLifeSupport, interface = provideAutomatedLifeSupport.ProvideAutomatedLifeSupport, policy = static, cardinality = 1..1, target = null, bind = setProvideAutomatedLifeSupport, unbind = null]
		Reference[name = ProvideSelfDiagnosedEmergenciesSupport, interface = provideSelfDiagnosedEmergenciesSupport.ProvideSelfDiagnosedEmergenciesSupport, policy = static, cardinality = 1..1, target = null, bind = setProvideSelfDiagnosedEmergenciesSupport, unbind = null]
	}
	located in bundle = ProvideHealthSupport.impl_1.0.0 [35]
] 
	at org.eclipse.equinox.internal.ds.model.ServiceComponent.createInstance(ServiceComponent.java:495)
	at org.eclipse.equinox.internal.ds.model.ServiceComponentProp.createInstance(ServiceComponentProp.java:270)
	at org.eclipse.equinox.internal.ds.model.ServiceComponentProp.build(ServiceComponentProp.java:331)
	at org.eclipse.equinox.internal.ds.InstanceProcess.buildComponent(InstanceProcess.java:620)
	at org.eclipse.equinox.internal.ds.ServiceReg.getService(ServiceReg.java:53)
	at org.eclipse.osgi.internal.serviceregistry.ServiceFactoryUse$1.run(ServiceFactoryUse.java:212)
	at java.security.AccessController.doPrivileged(Native Method)
	at org.eclipse.osgi.internal.serviceregistry.ServiceFactoryUse.factoryGetService(ServiceFactoryUse.java:210)
	... 6 more
Caused by: java.lang.ClassNotFoundException: provideHealthSupportImpl.ProvideHealthSupportImpl cannot be found by ProvideHealthSupport.impl_1.0.0
	at org.eclipse.osgi.internal.loader.BundleLoader.findClassInternal(BundleLoader.java:484)
	at org.eclipse.osgi.internal.loader.BundleLoader.findClass(BundleLoader.java:395)
	at org.eclipse.osgi.internal.loader.BundleLoader.findClass(BundleLoader.java:387)
	at org.eclipse.osgi.internal.loader.ModuleClassLoader.loadClass(ModuleClassLoader.java:150)
	at java.lang.ClassLoader.loadClass(Unknown Source)
	at org.eclipse.osgi.internal.framework.EquinoxBundle.loadClass(EquinoxBundle.java:564)
	at org.eclipse.equinox.internal.ds.model.ServiceComponent.createInstance(ServiceComponent.java:493)
	... 13 more
